0 info it worked if it ends with ok
1 verbose cli [ '/usr/local/Cellar/node/8.9.1/bin/node',
1 verbose cli   '/usr/local/bin/npm',
1 verbose cli   'install',
1 verbose cli   '--save',
1 verbose cli   'aframe' ]
2 info using npm@4.0.0
3 info using node@v8.9.1
4 silly loadCurrentTree Starting
5 silly install loadCurrentTree
6 silly install readLocalPackageData
7 silly fetchPackageMetaData aframe
8 silly fetchNamedPackageData aframe
9 silly mapToRegistry name aframe
10 silly mapToRegistry using default registry
11 silly mapToRegistry registry https://registry.npmjs.org/
12 silly mapToRegistry data Result {
12 silly mapToRegistry   raw: 'aframe',
12 silly mapToRegistry   scope: null,
12 silly mapToRegistry   escapedName: 'aframe',
12 silly mapToRegistry   name: 'aframe',
12 silly mapToRegistry   rawSpec: '',
12 silly mapToRegistry   spec: 'latest',
12 silly mapToRegistry   type: 'tag' }
13 silly mapToRegistry uri https://registry.npmjs.org/aframe
14 verbose request uri https://registry.npmjs.org/aframe
15 verbose request no auth needed
16 info attempt registry request try #1 at 10:48:07 PM
17 verbose request id 3adc7d8c5845a45c
18 verbose etag "59e7bc04-11daa"
19 verbose lastModified Wed, 18 Oct 2017 20:39:32 GMT
20 http request GET https://registry.npmjs.org/aframe
21 http 200 https://registry.npmjs.org/aframe
22 verbose headers { 'content-type': 'application/json; charset=UTF-8',
22 verbose headers   server: 'UploadServer',
22 verbose headers   'cache-control': 'max-age=300',
22 verbose headers   'last-modified': 'Sun, 11 Mar 2018 6:32:47 GMT',
22 verbose headers   etag: '"5aa4cd8f-13dc4"',
22 verbose headers   'x-npm-region': 'US-West',
22 verbose headers   'content-encoding': 'gzip',
22 verbose headers   'content-length': '9888',
22 verbose headers   'accept-ranges': 'bytes',
22 verbose headers   date: 'Tue, 13 Mar 2018 05:48:07 GMT',
22 verbose headers   via: '1.1 varnish',
22 verbose headers   age: '0',
22 verbose headers   connection: 'keep-alive',
22 verbose headers   'x-served-by': 'cache-lax8633-LAX',
22 verbose headers   'x-cache': 'MISS',
22 verbose headers   'x-cache-hits': '0',
22 verbose headers   'x-timer': 'S1520920088.559209,VS0,VE322',
22 verbose headers   vary: 'Accept-Encoding, Accept' }
23 silly get cb [ 200,
23 silly get   { 'content-type': 'application/json; charset=UTF-8',
23 silly get     server: 'UploadServer',
23 silly get     'cache-control': 'max-age=300',
23 silly get     'last-modified': 'Sun, 11 Mar 2018 6:32:47 GMT',
23 silly get     etag: '"5aa4cd8f-13dc4"',
23 silly get     'x-npm-region': 'US-West',
23 silly get     'content-encoding': 'gzip',
23 silly get     'content-length': '9888',
23 silly get     'accept-ranges': 'bytes',
23 silly get     date: 'Tue, 13 Mar 2018 05:48:07 GMT',
23 silly get     via: '1.1 varnish',
23 silly get     age: '0',
23 silly get     connection: 'keep-alive',
23 silly get     'x-served-by': 'cache-lax8633-LAX',
23 silly get     'x-cache': 'MISS',
23 silly get     'x-cache-hits': '0',
23 silly get     'x-timer': 'S1520920088.559209,VS0,VE322',
23 silly get     vary: 'Accept-Encoding, Accept' } ]
24 verbose get saving aframe to /Users/NathanielSena/.npm/registry.npmjs.org/aframe/.cache.json
25 verbose correctMkdir /Users/NathanielSena/.npm correctMkdir not in flight; initializing
26 silly install normalizeTree
27 silly loadCurrentTree Finishing
28 silly loadIdealTree Starting
29 silly install loadIdealTree
30 silly cloneCurrentTree Starting
31 silly install cloneCurrentTreeToIdealTree
32 silly cloneCurrentTree Finishing
33 silly loadShrinkwrap Starting
34 silly install loadShrinkwrap
35 silly loadShrinkwrap Finishing
36 silly loadAllDepsIntoIdealTree Starting
37 silly install loadAllDepsIntoIdealTree
38 silly resolveWithNewModule aframe@0.8.1 checking installable status
39 silly cache add args [ 'aframe', null ]
40 verbose cache add spec aframe
41 silly cache add parsed spec Result {
41 silly cache add   raw: 'aframe',
41 silly cache add   scope: null,
41 silly cache add   escapedName: 'aframe',
41 silly cache add   name: 'aframe',
41 silly cache add   rawSpec: '',
41 silly cache add   spec: 'latest',
41 silly cache add   type: 'tag' }
42 silly addNamed aframe@latest
43 verbose addNamed "latest" is being treated as a dist-tag for aframe
44 info addNameTag [ 'aframe', 'latest' ]
45 silly mapToRegistry name aframe
46 silly mapToRegistry using default registry
47 silly mapToRegistry registry https://registry.npmjs.org/
48 silly mapToRegistry data Result {
48 silly mapToRegistry   raw: 'aframe',
48 silly mapToRegistry   scope: null,
48 silly mapToRegistry   escapedName: 'aframe',
48 silly mapToRegistry   name: 'aframe',
48 silly mapToRegistry   rawSpec: '',
48 silly mapToRegistry   spec: 'latest',
48 silly mapToRegistry   type: 'tag' }
49 silly mapToRegistry uri https://registry.npmjs.org/aframe
50 verbose addNameTag registry:https://registry.npmjs.org/aframe not in flight; fetching
51 verbose get https://registry.npmjs.org/aframe not expired, no request
52 silly addNameTag next cb for aframe with tag latest
53 silly addNamed aframe@0.8.1
54 verbose addNamed "0.8.1" is a plain semver version for aframe
55 silly mapToRegistry name aframe
56 silly mapToRegistry using default registry
57 silly mapToRegistry registry https://registry.npmjs.org/
58 silly mapToRegistry data Result {
58 silly mapToRegistry   raw: 'aframe',
58 silly mapToRegistry   scope: null,
58 silly mapToRegistry   escapedName: 'aframe',
58 silly mapToRegistry   name: 'aframe',
58 silly mapToRegistry   rawSpec: '',
58 silly mapToRegistry   spec: 'latest',
58 silly mapToRegistry   type: 'tag' }
59 silly mapToRegistry uri https://registry.npmjs.org/aframe
60 verbose addRemoteTarball https://registry.npmjs.org/aframe/-/aframe-0.8.1.tgz not in flight; adding
61 verbose addRemoteTarball [ 'https://registry.npmjs.org/aframe/-/aframe-0.8.1.tgz',
61 verbose addRemoteTarball   '4e2ce79bced998ee3638cc634d3dadda6217660b' ]
62 info retry fetch attempt 1 at 10:48:08 PM
63 info attempt registry request try #1 at 10:48:08 PM
64 http fetch GET https://registry.npmjs.org/aframe/-/aframe-0.8.1.tgz
65 http fetch 200 https://registry.npmjs.org/aframe/-/aframe-0.8.1.tgz
66 silly fetchAndShaCheck shasum 4e2ce79bced998ee3638cc634d3dadda6217660b
67 verbose addTmpTarball /tmp/npm-25322-8bf31f12/registry.npmjs.org/aframe/-/aframe-0.8.1.tgz not in flight; adding
68 verbose addTmpTarball already have metadata; skipping unpack for aframe@0.8.1
69 verbose correctMkdir /Users/NathanielSena/.npm correctMkdir not in flight; initializing
70 silly cache afterAdd aframe@0.8.1
71 verbose afterAdd /Users/NathanielSena/.npm/aframe/0.8.1/package/package.json not in flight; writing
72 verbose correctMkdir /Users/NathanielSena/.npm correctMkdir not in flight; initializing
73 verbose afterAdd /Users/NathanielSena/.npm/aframe/0.8.1/package/package.json written
74 silly fetchNamedPackageData @tweenjs/tween.js
75 silly mapToRegistry name @tweenjs/tween.js
76 silly mapToRegistry scope (from package name) @tweenjs
77 verbose mapToRegistry no registry URL found in name for scope @tweenjs
78 silly mapToRegistry using default registry
79 silly mapToRegistry registry https://registry.npmjs.org/
80 silly mapToRegistry data Result {
80 silly mapToRegistry   raw: '@tweenjs/tween.js',
80 silly mapToRegistry   scope: '@tweenjs',
80 silly mapToRegistry   escapedName: '@tweenjs%2ftween.js',
80 silly mapToRegistry   name: '@tweenjs/tween.js',
80 silly mapToRegistry   rawSpec: '',
80 silly mapToRegistry   spec: 'latest',
80 silly mapToRegistry   type: 'tag' }
81 silly mapToRegistry uri https://registry.npmjs.org/@tweenjs%2ftween.js
82 silly fetchNamedPackageData browserify-css
83 silly mapToRegistry name browserify-css
84 silly mapToRegistry using default registry
85 silly mapToRegistry registry https://registry.npmjs.org/
86 silly mapToRegistry data Result {
86 silly mapToRegistry   raw: 'browserify-css',
86 silly mapToRegistry   scope: null,
86 silly mapToRegistry   escapedName: 'browserify-css',
86 silly mapToRegistry   name: 'browserify-css',
86 silly mapToRegistry   rawSpec: '',
86 silly mapToRegistry   spec: 'latest',
86 silly mapToRegistry   type: 'tag' }
87 silly mapToRegistry uri https://registry.npmjs.org/browserify-css
88 silly fetchNamedPackageData deep-assign
89 silly mapToRegistry name deep-assign
90 silly mapToRegistry using default registry
91 silly mapToRegistry registry https://registry.npmjs.org/
92 silly mapToRegistry data Result {
92 silly mapToRegistry   raw: 'deep-assign',
92 silly mapToRegistry   scope: null,
92 silly mapToRegistry   escapedName: 'deep-assign',
92 silly mapToRegistry   name: 'deep-assign',
92 silly mapToRegistry   rawSpec: '',
92 silly mapToRegistry   spec: 'latest',
92 silly mapToRegistry   type: 'tag' }
93 silly mapToRegistry uri https://registry.npmjs.org/deep-assign
94 silly fetchNamedPackageData envify
95 silly mapToRegistry name envify
96 silly mapToRegistry using default registry
97 silly mapToRegistry registry https://registry.npmjs.org/
98 silly mapToRegistry data Result {
98 silly mapToRegistry   raw: 'envify',
98 silly mapToRegistry   scope: null,
98 silly mapToRegistry   escapedName: 'envify',
98 silly mapToRegistry   name: 'envify',
98 silly mapToRegistry   rawSpec: '',
98 silly mapToRegistry   spec: 'latest',
98 silly mapToRegistry   type: 'tag' }
99 silly mapToRegistry uri https://registry.npmjs.org/envify
100 silly fetchNamedPackageData load-bmfont
101 silly mapToRegistry name load-bmfont
102 silly mapToRegistry using default registry
103 silly mapToRegistry registry https://registry.npmjs.org/
104 silly mapToRegistry data Result {
104 silly mapToRegistry   raw: 'load-bmfont',
104 silly mapToRegistry   scope: null,
104 silly mapToRegistry   escapedName: 'load-bmfont',
104 silly mapToRegistry   name: 'load-bmfont',
104 silly mapToRegistry   rawSpec: '',
104 silly mapToRegistry   spec: 'latest',
104 silly mapToRegistry   type: 'tag' }
105 silly mapToRegistry uri https://registry.npmjs.org/load-bmfont
106 silly fetchNamedPackageData object-assign
107 silly mapToRegistry name object-assign
108 silly mapToRegistry using default registry
109 silly mapToRegistry registry https://registry.npmjs.org/
110 silly mapToRegistry data Result {
110 silly mapToRegistry   raw: 'object-assign',
110 silly mapToRegistry   scope: null,
110 silly mapToRegistry   escapedName: 'object-assign',
110 silly mapToRegistry   name: 'object-assign',
110 silly mapToRegistry   rawSpec: '',
110 silly mapToRegistry   spec: 'latest',
110 silly mapToRegistry   type: 'tag' }
111 silly mapToRegistry uri https://registry.npmjs.org/object-assign
112 silly fetchNamedPackageData present
113 silly mapToRegistry name present
114 silly mapToRegistry using default registry
115 silly mapToRegistry registry https://registry.npmjs.org/
116 silly mapToRegistry data Result {
116 silly mapToRegistry   raw: 'present',
116 silly mapToRegistry   scope: null,
116 silly mapToRegistry   escapedName: 'present',
116 silly mapToRegistry   name: 'present',
116 silly mapToRegistry   rawSpec: '',
116 silly mapToRegistry   spec: 'latest',
116 silly mapToRegistry   type: 'tag' }
117 silly mapToRegistry uri https://registry.npmjs.org/present
118 silly fetchNamedPackageData promise-polyfill
119 silly mapToRegistry name promise-polyfill
120 silly mapToRegistry using default registry
121 silly mapToRegistry registry https://registry.npmjs.org/
122 silly mapToRegistry data Result {
122 silly mapToRegistry   raw: 'promise-polyfill',
122 silly mapToRegistry   scope: null,
122 silly mapToRegistry   escapedName: 'promise-polyfill',
122 silly mapToRegistry   name: 'promise-polyfill',
122 silly mapToRegistry   rawSpec: '',
122 silly mapToRegistry   spec: 'latest',
122 silly mapToRegistry   type: 'tag' }
123 silly mapToRegistry uri https://registry.npmjs.org/promise-polyfill
124 silly fetchNamedPackageData style-attr
125 silly mapToRegistry name style-attr
126 silly mapToRegistry using default registry
127 silly mapToRegistry registry https://registry.npmjs.org/
128 silly mapToRegistry data Result {
128 silly mapToRegistry   raw: 'style-attr',
128 silly mapToRegistry   scope: null,
128 silly mapToRegistry   escapedName: 'style-attr',
128 silly mapToRegistry   name: 'style-attr',
128 silly mapToRegistry   rawSpec: '',
128 silly mapToRegistry   spec: 'latest',
128 silly mapToRegistry   type: 'tag' }
129 silly mapToRegistry uri https://registry.npmjs.org/style-attr
130 silly fetchNamedPackageData three-bmfont-text
131 silly mapToRegistry name three-bmfont-text
132 silly mapToRegistry using default registry
133 silly mapToRegistry registry https://registry.npmjs.org/
134 silly mapToRegistry data Result {
134 silly mapToRegistry   raw: 'three-bmfont-text',
134 silly mapToRegistry   scope: null,
134 silly mapToRegistry   escapedName: 'three-bmfont-text',
134 silly mapToRegistry   name: 'three-bmfont-text',
134 silly mapToRegistry   rawSpec: '',
134 silly mapToRegistry   spec: 'latest',
134 silly mapToRegistry   type: 'tag' }
135 silly mapToRegistry uri https://registry.npmjs.org/three-bmfont-text
136 silly fetchNamedPackageData webvr-polyfill
137 silly mapToRegistry name webvr-polyfill
138 silly mapToRegistry using default registry
139 silly mapToRegistry registry https://registry.npmjs.org/
140 silly mapToRegistry data Result {
140 silly mapToRegistry   raw: 'webvr-polyfill',
140 silly mapToRegistry   scope: null,
140 silly mapToRegistry   escapedName: 'webvr-polyfill',
140 silly mapToRegistry   name: 'webvr-polyfill',
140 silly mapToRegistry   rawSpec: '',
140 silly mapToRegistry   spec: 'latest',
140 silly mapToRegistry   type: 'tag' }
141 silly mapToRegistry uri https://registry.npmjs.org/webvr-polyfill
142 silly fetchOtherPackageData debug@github:ngokevin/debug#noTimestamp
143 silly cache add args [ 'debug@github:ngokevin/debug#noTimestamp', null ]
144 verbose cache add spec debug@github:ngokevin/debug#noTimestamp
145 silly fetchOtherPackageData document-register-element@github:dmarcos/document-register-element#8ccc532b7
146 silly cache add args [ 'document-register-element@github:dmarcos/document-register-element#8ccc532b7',
146 silly cache add   null ]
147 verbose cache add spec document-register-element@github:dmarcos/document-register-element#8ccc532b7
148 silly fetchOtherPackageData three@github:dmarcos/three.js#r90fixPose
149 silly cache add args [ 'three@github:dmarcos/three.js#r90fixPose', null ]
150 verbose cache add spec three@github:dmarcos/three.js#r90fixPose
151 silly cache add parsed spec Result {
151 silly cache add   raw: 'debug@github:ngokevin/debug#noTimestamp',
151 silly cache add   scope: null,
151 silly cache add   escapedName: 'debug',
151 silly cache add   name: 'debug',
151 silly cache add   rawSpec: 'github:ngokevin/debug#noTimestamp',
151 silly cache add   spec: 'github:ngokevin/debug#noTimestamp',
151 silly cache add   type: 'hosted',
151 silly cache add   hosted:
151 silly cache add    { type: 'github',
151 silly cache add      ssh: 'git@github.com:ngokevin/debug.git#noTimestamp',
151 silly cache add      sshUrl: 'git+ssh://git@github.com/ngokevin/debug.git#noTimestamp',
151 silly cache add      httpsUrl: 'git+https://github.com/ngokevin/debug.git#noTimestamp',
151 silly cache add      gitUrl: 'git://github.com/ngokevin/debug.git#noTimestamp',
151 silly cache add      shortcut: 'github:ngokevin/debug#noTimestamp',
151 silly cache add      directUrl: 'https://raw.githubusercontent.com/ngokevin/debug/noTimestamp/package.json' } }
152 verbose addRemoteGit caching github:ngokevin/debug#noTimestamp
153 verbose addRemoteGit ngokevin/debug#noTimestamp is a repository hosted by github
154 silly tryGitProto attempting to clone git://github.com/ngokevin/debug.git#noTimestamp
155 silly tryClone cloning ngokevin/debug#noTimestamp via git://github.com/ngokevin/debug.git#noTimestamp
156 verbose tryClone git-github-com-ngokevin-debug-git-noTimestamp-6ab3b0cc not in flight; caching
157 verbose correctMkdir /Users/NathanielSena/.npm/_git-remotes correctMkdir not in flight; initializing
158 silly cache add parsed spec Result {
158 silly cache add   raw: 'document-register-element@github:dmarcos/document-register-element#8ccc532b7',
158 silly cache add   scope: null,
158 silly cache add   escapedName: 'document-register-element',
158 silly cache add   name: 'document-register-element',
158 silly cache add   rawSpec: 'github:dmarcos/document-register-element#8ccc532b7',
158 silly cache add   spec: 'github:dmarcos/document-register-element#8ccc532b7',
158 silly cache add   type: 'hosted',
158 silly cache add   hosted:
158 silly cache add    { type: 'github',
158 silly cache add      ssh: 'git@github.com:dmarcos/document-register-element.git#8ccc532b7',
158 silly cache add      sshUrl: 'git+ssh://git@github.com/dmarcos/document-register-element.git#8ccc532b7',
158 silly cache add      httpsUrl: 'git+https://github.com/dmarcos/document-register-element.git#8ccc532b7',
158 silly cache add      gitUrl: 'git://github.com/dmarcos/document-register-element.git#8ccc532b7',
158 silly cache add      shortcut: 'github:dmarcos/document-register-element#8ccc532b7',
158 silly cache add      directUrl: 'https://raw.githubusercontent.com/dmarcos/document-register-element/8ccc532b7/package.json' } }
159 verbose addRemoteGit caching github:dmarcos/document-register-element#8ccc532b7
160 verbose addRemoteGit dmarcos/document-register-element#8ccc532b7 is a repository hosted by github
161 silly tryGitProto attempting to clone git://github.com/dmarcos/document-register-element.git#8ccc532b7
162 silly tryClone cloning dmarcos/document-register-element#8ccc532b7 via git://github.com/dmarcos/document-register-element.git#8ccc532b7
163 verbose tryClone git-github-com-dmarcos-document-register-element-git-8ccc532b7-4e079fcb not in flight; caching
164 verbose correctMkdir /Users/NathanielSena/.npm/_git-remotes correctMkdir already in flight; waiting
165 silly cache add parsed spec Result {
165 silly cache add   raw: 'three@github:dmarcos/three.js#r90fixPose',
165 silly cache add   scope: null,
165 silly cache add   escapedName: 'three',
165 silly cache add   name: 'three',
165 silly cache add   rawSpec: 'github:dmarcos/three.js#r90fixPose',
165 silly cache add   spec: 'github:dmarcos/three.js#r90fixPose',
165 silly cache add   type: 'hosted',
165 silly cache add   hosted:
165 silly cache add    { type: 'github',
165 silly cache add      ssh: 'git@github.com:dmarcos/three.js.git#r90fixPose',
165 silly cache add      sshUrl: 'git+ssh://git@github.com/dmarcos/three.js.git#r90fixPose',
165 silly cache add      httpsUrl: 'git+https://github.com/dmarcos/three.js.git#r90fixPose',
165 silly cache add      gitUrl: 'git://github.com/dmarcos/three.js.git#r90fixPose',
165 silly cache add      shortcut: 'github:dmarcos/three.js#r90fixPose',
165 silly cache add      directUrl: 'https://raw.githubusercontent.com/dmarcos/three.js/r90fixPose/package.json' } }
166 verbose addRemoteGit caching github:dmarcos/three.js#r90fixPose
167 verbose addRemoteGit dmarcos/three.js#r90fixPose is a repository hosted by github
168 silly tryGitProto attempting to clone git://github.com/dmarcos/three.js.git#r90fixPose
169 silly tryClone cloning dmarcos/three.js#r90fixPose via git://github.com/dmarcos/three.js.git#r90fixPose
170 verbose tryClone git-github-com-dmarcos-three-js-git-r90fixPose-cd804eef not in flight; caching
171 verbose correctMkdir /Users/NathanielSena/.npm/_git-remotes correctMkdir already in flight; waiting
172 verbose request uri https://registry.npmjs.org/deep-assign
173 verbose request no auth needed
174 info attempt registry request try #1 at 10:48:09 PM
175 verbose etag "5a7dbe31-1138"
176 verbose lastModified Fri, 9 Feb 2018 15:28:49 GMT
177 http request GET https://registry.npmjs.org/deep-assign
178 verbose request uri https://registry.npmjs.org/@tweenjs%2ftween.js
179 verbose request no auth needed
180 info attempt registry request try #1 at 10:48:09 PM
181 verbose etag W/"5a67f04c-72c1"
182 verbose lastModified Wed, 24 Jan 2018 02:32:44 GMT
183 http request GET https://registry.npmjs.org/@tweenjs%2ftween.js
184 verbose request uri https://registry.npmjs.org/object-assign
185 verbose request no auth needed
186 info attempt registry request try #1 at 10:48:09 PM
187 verbose etag "5a9fb8a1-5db4"
188 verbose lastModified Wed, 7 Mar 2018 10:02:09 GMT
189 http request GET https://registry.npmjs.org/object-assign
190 verbose request uri https://registry.npmjs.org/browserify-css
191 verbose request no auth needed
192 info attempt registry request try #1 at 10:48:09 PM
193 verbose etag "5a14e932-103ee"
194 verbose lastModified Wed, 22 Nov 2017 3:04:18 GMT
195 http request GET https://registry.npmjs.org/browserify-css
196 verbose request uri https://registry.npmjs.org/envify
197 verbose request no auth needed
198 info attempt registry request try #1 at 10:48:09 PM
199 verbose etag "595ffdd1-6df2"
200 verbose lastModified Fri, 7 Jul 2017 21:32:01 GMT
201 http request GET https://registry.npmjs.org/envify
202 verbose request uri https://registry.npmjs.org/present
203 verbose request no auth needed
204 info attempt registry request try #1 at 10:48:09 PM
205 verbose etag "59856946-28e5"
206 verbose lastModified Sat, 5 Aug 2017 6:44:22 GMT
207 http request GET https://registry.npmjs.org/present
208 verbose request uri https://registry.npmjs.org/load-bmfont
209 verbose request no auth needed
210 info attempt registry request try #1 at 10:48:09 PM
211 verbose etag "588b6e71-3f66"
212 verbose lastModified Fri, 27 Jan 2017 15:59:45 GMT
213 http request GET https://registry.npmjs.org/load-bmfont
214 verbose request uri https://registry.npmjs.org/promise-polyfill
215 verbose request no auth needed
216 info attempt registry request try #1 at 10:48:09 PM
217 verbose etag "5a7b068e-cd95"
218 verbose lastModified Wed, 7 Feb 2018 14:00:46 GMT
219 http request GET https://registry.npmjs.org/promise-polyfill
220 verbose request uri https://registry.npmjs.org/style-attr
221 verbose request no auth needed
222 info attempt registry request try #1 at 10:48:09 PM
223 verbose etag "59ffcdaf-2188"
224 verbose lastModified Mon, 6 Nov 2017 2:49:19 GMT
225 http request GET https://registry.npmjs.org/style-attr
226 verbose request uri https://registry.npmjs.org/three-bmfont-text
227 verbose request no auth needed
228 info attempt registry request try #1 at 10:48:09 PM
229 verbose etag "588230f0-95b8"
230 verbose lastModified Fri, 20 Jan 2017 15:46:56 GMT
231 http request GET https://registry.npmjs.org/three-bmfont-text
232 verbose request uri https://registry.npmjs.org/webvr-polyfill
233 verbose request no auth needed
234 info attempt registry request try #1 at 10:48:09 PM
235 verbose etag "5a45a359-143f6"
236 verbose lastModified Fri, 29 Dec 2017 2:07:21 GMT
237 http request GET https://registry.npmjs.org/webvr-polyfill
238 info git [ 'config', '--get', 'remote.origin.url' ]
239 info git [ 'config', '--get', 'remote.origin.url' ]
240 http 304 https://registry.npmjs.org/object-assign
241 verbose headers { date: 'Tue, 13 Mar 2018 05:48:09 GMT',
241 verbose headers   via: '1.1 varnish',
241 verbose headers   'cache-control': 'max-age=300',
241 verbose headers   etag: '"5a9fb8a1-5db4"',
241 verbose headers   age: '12689',
241 verbose headers   connection: 'keep-alive',
241 verbose headers   'x-served-by': 'cache-lax8639-LAX',
241 verbose headers   'x-cache': 'HIT',
241 verbose headers   'x-cache-hits': '48',
241 verbose headers   'x-timer': 'S1520920089.297506,VS0,VE0',
241 verbose headers   vary: 'Accept-Encoding, Accept' }
242 silly get cb [ 304,
242 silly get   { date: 'Tue, 13 Mar 2018 05:48:09 GMT',
242 silly get     via: '1.1 varnish',
242 silly get     'cache-control': 'max-age=300',
242 silly get     etag: '"5a9fb8a1-5db4"',
242 silly get     age: '12689',
242 silly get     connection: 'keep-alive',
242 silly get     'x-served-by': 'cache-lax8639-LAX',
242 silly get     'x-cache': 'HIT',
242 silly get     'x-cache-hits': '48',
242 silly get     'x-timer': 'S1520920089.297506,VS0,VE0',
242 silly get     vary: 'Accept-Encoding, Accept' } ]
243 verbose etag https://registry.npmjs.org/object-assign from cache
244 verbose get saving object-assign to /Users/NathanielSena/.npm/registry.npmjs.org/object-assign/.cache.json
245 verbose correctMkdir /Users/NathanielSena/.npm correctMkdir not in flight; initializing
246 info git [ 'clone',
246 info git   '--template=/Users/NathanielSena/.npm/_git-remotes/_templates',
246 info git   '--mirror',
246 info git   'git://github.com/dmarcos/three.js.git',
246 info git   '/Users/NathanielSena/.npm/_git-remotes/git-github-com-dmarcos-three-js-git-r90fixPose-cd804eef' ]
247 http 304 https://registry.npmjs.org/browserify-css
248 verbose headers { date: 'Tue, 13 Mar 2018 05:48:09 GMT',
248 verbose headers   via: '1.1 varnish',
248 verbose headers   'cache-control': 'max-age=300',
248 verbose headers   etag: '"5a14e932-103ee"',
248 verbose headers   age: '6261',
248 verbose headers   connection: 'keep-alive',
248 verbose headers   'x-served-by': 'cache-lax8648-LAX',
248 verbose headers   'x-cache': 'HIT',
248 verbose headers   'x-cache-hits': '1',
248 verbose headers   'x-timer': 'S1520920089.316778,VS0,VE1',
248 verbose headers   vary: 'Accept-Encoding, Accept' }
249 silly get cb [ 304,
249 silly get   { date: 'Tue, 13 Mar 2018 05:48:09 GMT',
249 silly get     via: '1.1 varnish',
249 silly get     'cache-control': 'max-age=300',
249 silly get     etag: '"5a14e932-103ee"',
249 silly get     age: '6261',
249 silly get     connection: 'keep-alive',
249 silly get     'x-served-by': 'cache-lax8648-LAX',
249 silly get     'x-cache': 'HIT',
249 silly get     'x-cache-hits': '1',
249 silly get     'x-timer': 'S1520920089.316778,VS0,VE1',
249 silly get     vary: 'Accept-Encoding, Accept' } ]
250 verbose etag https://registry.npmjs.org/browserify-css from cache
251 verbose get saving browserify-css to /Users/NathanielSena/.npm/registry.npmjs.org/browserify-css/.cache.json
252 verbose correctMkdir /Users/NathanielSena/.npm correctMkdir not in flight; initializing
253 http 304 https://registry.npmjs.org/envify
254 verbose headers { date: 'Tue, 13 Mar 2018 05:48:09 GMT',
254 verbose headers   via: '1.1 varnish',
254 verbose headers   'cache-control': 'max-age=300',
254 verbose headers   etag: '"595ffdd1-6df2"',
254 verbose headers   age: '2875',
254 verbose headers   connection: 'keep-alive',
254 verbose headers   'x-served-by': 'cache-lax8643-LAX',
254 verbose headers   'x-cache': 'HIT',
254 verbose headers   'x-cache-hits': '1',
254 verbose headers   'x-timer': 'S1520920089.316997,VS0,VE1',
254 verbose headers   vary: 'Accept-Encoding, Accept' }
255 silly get cb [ 304,
255 silly get   { date: 'Tue, 13 Mar 2018 05:48:09 GMT',
255 silly get     via: '1.1 varnish',
255 silly get     'cache-control': 'max-age=300',
255 silly get     etag: '"595ffdd1-6df2"',
255 silly get     age: '2875',
255 silly get     connection: 'keep-alive',
255 silly get     'x-served-by': 'cache-lax8643-LAX',
255 silly get     'x-cache': 'HIT',
255 silly get     'x-cache-hits': '1',
255 silly get     'x-timer': 'S1520920089.316997,VS0,VE1',
255 silly get     vary: 'Accept-Encoding, Accept' } ]
256 verbose etag https://registry.npmjs.org/envify from cache
257 verbose get saving envify to /Users/NathanielSena/.npm/registry.npmjs.org/envify/.cache.json
258 verbose correctMkdir /Users/NathanielSena/.npm correctMkdir not in flight; initializing
259 silly validateExistingRemote ngokevin/debug#noTimestamp remote.origin.url: git://github.com/ngokevin/debug.git
260 verbose validateExistingRemote ngokevin/debug#noTimestamp is updating existing cached remote /Users/NathanielSena/.npm/_git-remotes/git-github-com-ngokevin-debug-git-noTimestamp-6ab3b0cc
261 silly validateExistingRemote dmarcos/document-register-element#8ccc532b7 remote.origin.url: git://github.com/dmarcos/document-register-element.git
262 verbose validateExistingRemote dmarcos/document-register-element#8ccc532b7 is updating existing cached remote /Users/NathanielSena/.npm/_git-remotes/git-github-com-dmarcos-document-register-element-git-8ccc532b7-4e079fcb
263 http 304 https://registry.npmjs.org/style-attr
264 verbose headers { date: 'Tue, 13 Mar 2018 05:48:09 GMT',
264 verbose headers   via: '1.1 varnish',
264 verbose headers   'cache-control': 'max-age=300',
264 verbose headers   etag: '"59ffcdaf-2188"',
264 verbose headers   age: '3836',
264 verbose headers   connection: 'keep-alive',
264 verbose headers   'x-served-by': 'cache-lax8625-LAX',
264 verbose headers   'x-cache': 'HIT',
264 verbose headers   'x-cache-hits': '1',
264 verbose headers   'x-timer': 'S1520920089.334177,VS0,VE1',
264 verbose headers   vary: 'Accept-Encoding, Accept' }
265 silly get cb [ 304,
265 silly get   { date: 'Tue, 13 Mar 2018 05:48:09 GMT',
265 silly get     via: '1.1 varnish',
265 silly get     'cache-control': 'max-age=300',
265 silly get     etag: '"59ffcdaf-2188"',
265 silly get     age: '3836',
265 silly get     connection: 'keep-alive',
265 silly get     'x-served-by': 'cache-lax8625-LAX',
265 silly get     'x-cache': 'HIT',
265 silly get     'x-cache-hits': '1',
265 silly get     'x-timer': 'S1520920089.334177,VS0,VE1',
265 silly get     vary: 'Accept-Encoding, Accept' } ]
266 verbose etag https://registry.npmjs.org/style-attr from cache
267 verbose get saving style-attr to /Users/NathanielSena/.npm/registry.npmjs.org/style-attr/.cache.json
268 verbose correctMkdir /Users/NathanielSena/.npm correctMkdir not in flight; initializing
269 info git [ 'fetch', '-a', 'origin' ]
270 http 200 https://registry.npmjs.org/promise-polyfill
271 verbose headers { 'content-type': 'application/json; charset=UTF-8',
271 verbose headers   server: 'UploadServer',
271 verbose headers   'cache-control': 'max-age=300',
271 verbose headers   'last-modified': 'Tue, 27 Feb 2018 8:05:44 GMT',
271 verbose headers   etag: '"5a951158-cda8"',
271 verbose headers   'x-npm-region': 'US-West',
271 verbose headers   'content-encoding': 'gzip',
271 verbose headers   'content-length': '6599',
271 verbose headers   'accept-ranges': 'bytes',
271 verbose headers   date: 'Tue, 13 Mar 2018 05:48:09 GMT',
271 verbose headers   via: '1.1 varnish',
271 verbose headers   age: '10034',
271 verbose headers   connection: 'keep-alive',
271 verbose headers   'x-served-by': 'cache-lax8651-LAX',
271 verbose headers   'x-cache': 'HIT',
271 verbose headers   'x-cache-hits': '1',
271 verbose headers   'x-timer': 'S1520920089.317272,VS0,VE1',
271 verbose headers   vary: 'Accept-Encoding, Accept' }
272 silly get cb [ 200,
272 silly get   { 'content-type': 'application/json; charset=UTF-8',
272 silly get     server: 'UploadServer',
272 silly get     'cache-control': 'max-age=300',
272 silly get     'last-modified': 'Tue, 27 Feb 2018 8:05:44 GMT',
272 silly get     etag: '"5a951158-cda8"',
272 silly get     'x-npm-region': 'US-West',
272 silly get     'content-encoding': 'gzip',
272 silly get     'content-length': '6599',
272 silly get     'accept-ranges': 'bytes',
272 silly get     date: 'Tue, 13 Mar 2018 05:48:09 GMT',
272 silly get     via: '1.1 varnish',
272 silly get     age: '10034',
272 silly get     connection: 'keep-alive',
272 silly get     'x-served-by': 'cache-lax8651-LAX',
272 silly get     'x-cache': 'HIT',
272 silly get     'x-cache-hits': '1',
272 silly get     'x-timer': 'S1520920089.317272,VS0,VE1',
272 silly get     vary: 'Accept-Encoding, Accept' } ]
273 verbose get saving promise-polyfill to /Users/NathanielSena/.npm/registry.npmjs.org/promise-polyfill/.cache.json
274 verbose correctMkdir /Users/NathanielSena/.npm correctMkdir not in flight; initializing
275 info git [ 'fetch', '-a', 'origin' ]
276 http 304 https://registry.npmjs.org/deep-assign
277 verbose headers { date: 'Tue, 13 Mar 2018 05:48:09 GMT',
277 verbose headers   via: '1.1 varnish',
277 verbose headers   'cache-control': 'max-age=300',
277 verbose headers   etag: '"5a7dbe31-1138"',
277 verbose headers   age: '0',
277 verbose headers   connection: 'keep-alive',
277 verbose headers   'x-served-by': 'cache-lax8633-LAX',
277 verbose headers   'x-cache': 'HIT',
277 verbose headers   'x-cache-hits': '1',
277 verbose headers   'x-timer': 'S1520920089.267126,VS0,VE86',
277 verbose headers   vary: 'Accept-Encoding, Accept' }
278 silly get cb [ 304,
278 silly get   { date: 'Tue, 13 Mar 2018 05:48:09 GMT',
278 silly get     via: '1.1 varnish',
278 silly get     'cache-control': 'max-age=300',
278 silly get     etag: '"5a7dbe31-1138"',
278 silly get     age: '0',
278 silly get     connection: 'keep-alive',
278 silly get     'x-served-by': 'cache-lax8633-LAX',
278 silly get     'x-cache': 'HIT',
278 silly get     'x-cache-hits': '1',
278 silly get     'x-timer': 'S1520920089.267126,VS0,VE86',
278 silly get     vary: 'Accept-Encoding, Accept' } ]
279 verbose etag https://registry.npmjs.org/deep-assign from cache
280 verbose get saving deep-assign to /Users/NathanielSena/.npm/registry.npmjs.org/deep-assign/.cache.json
281 verbose correctMkdir /Users/NathanielSena/.npm correctMkdir not in flight; initializing
282 silly resolveWithNewModule object-assign@4.1.1 checking installable status
283 silly cache add args [ 'object-assign@^4.0.1', null ]
284 verbose cache add spec object-assign@^4.0.1
285 silly cache add parsed spec Result {
285 silly cache add   raw: 'object-assign@^4.0.1',
285 silly cache add   scope: null,
285 silly cache add   escapedName: 'object-assign',
285 silly cache add   name: 'object-assign',
285 silly cache add   rawSpec: '^4.0.1',
285 silly cache add   spec: '>=4.0.1 <5.0.0',
285 silly cache add   type: 'range' }
286 silly addNamed object-assign@>=4.0.1 <5.0.0
287 verbose addNamed ">=4.0.1 <5.0.0" is a valid semver range for object-assign
288 silly addNameRange { name: 'object-assign',
288 silly addNameRange   range: '>=4.0.1 <5.0.0',
288 silly addNameRange   hasData: false }
289 silly mapToRegistry name object-assign
290 silly mapToRegistry using default registry
291 silly mapToRegistry registry https://registry.npmjs.org/
292 silly mapToRegistry data Result {
292 silly mapToRegistry   raw: 'object-assign',
292 silly mapToRegistry   scope: null,
292 silly mapToRegistry   escapedName: 'object-assign',
292 silly mapToRegistry   name: 'object-assign',
292 silly mapToRegistry   rawSpec: '',
292 silly mapToRegistry   spec: 'latest',
292 silly mapToRegistry   type: 'tag' }
293 silly mapToRegistry uri https://registry.npmjs.org/object-assign
294 verbose addNameRange registry:https://registry.npmjs.org/object-assign not in flight; fetching
295 silly resolveWithNewModule envify@3.4.1 checking installable status
296 silly cache add args [ 'envify@^3.4.1', null ]
297 verbose cache add spec envify@^3.4.1
298 silly cache add parsed spec Result {
298 silly cache add   raw: 'envify@^3.4.1',
298 silly cache add   scope: null,
298 silly cache add   escapedName: 'envify',
298 silly cache add   name: 'envify',
298 silly cache add   rawSpec: '^3.4.1',
298 silly cache add   spec: '>=3.4.1 <4.0.0',
298 silly cache add   type: 'range' }
299 silly addNamed envify@>=3.4.1 <4.0.0
300 verbose addNamed ">=3.4.1 <4.0.0" is a valid semver range for envify
301 silly addNameRange { name: 'envify', range: '>=3.4.1 <4.0.0', hasData: false }
302 silly mapToRegistry name envify
303 silly mapToRegistry using default registry
304 silly mapToRegistry registry https://registry.npmjs.org/
305 silly mapToRegistry data Result {
305 silly mapToRegistry   raw: 'envify',
305 silly mapToRegistry   scope: null,
305 silly mapToRegistry   escapedName: 'envify',
305 silly mapToRegistry   name: 'envify',
305 silly mapToRegistry   rawSpec: '',
305 silly mapToRegistry   spec: 'latest',
305 silly mapToRegistry   type: 'tag' }
306 silly mapToRegistry uri https://registry.npmjs.org/envify
307 verbose addNameRange registry:https://registry.npmjs.org/envify not in flight; fetching
308 silly resolveWithNewModule browserify-css@0.8.4 checking installable status
309 silly cache add args [ 'browserify-css@^0.8.2', null ]
310 verbose cache add spec browserify-css@^0.8.2
311 silly cache add parsed spec Result {
311 silly cache add   raw: 'browserify-css@^0.8.2',
311 silly cache add   scope: null,
311 silly cache add   escapedName: 'browserify-css',
311 silly cache add   name: 'browserify-css',
311 silly cache add   rawSpec: '^0.8.2',
311 silly cache add   spec: '>=0.8.2 <0.9.0',
311 silly cache add   type: 'range' }
312 silly addNamed browserify-css@>=0.8.2 <0.9.0
313 verbose addNamed ">=0.8.2 <0.9.0" is a valid semver range for browserify-css
314 silly addNameRange { name: 'browserify-css',
314 silly addNameRange   range: '>=0.8.2 <0.9.0',
314 silly addNameRange   hasData: false }
315 silly mapToRegistry name browserify-css
316 silly mapToRegistry using default registry
317 silly mapToRegistry registry https://registry.npmjs.org/
318 silly mapToRegistry data Result {
318 silly mapToRegistry   raw: 'browserify-css',
318 silly mapToRegistry   scope: null,
318 silly mapToRegistry   escapedName: 'browserify-css',
318 silly mapToRegistry   name: 'browserify-css',
318 silly mapToRegistry   rawSpec: '',
318 silly mapToRegistry   spec: 'latest',
318 silly mapToRegistry   type: 'tag' }
319 silly mapToRegistry uri https://registry.npmjs.org/browserify-css
320 verbose addNameRange registry:https://registry.npmjs.org/browserify-css not in flight; fetching
321 verbose get https://registry.npmjs.org/object-assign not expired, no request
322 silly addNameRange number 2 { name: 'object-assign', range: '>=4.0.1 <5.0.0', hasData: true }
323 silly addNameRange versions [ 'object-assign',
323 silly addNameRange   [ '0.1.0',
323 silly addNameRange     '0.1.1',
323 silly addNameRange     '0.1.2',
323 silly addNameRange     '0.2.0',
323 silly addNameRange     '0.2.1',
323 silly addNameRange     '0.2.2',
323 silly addNameRange     '0.3.0',
323 silly addNameRange     '0.3.1',
323 silly addNameRange     '0.4.0',
323 silly addNameRange     '1.0.0',
323 silly addNameRange     '2.0.0',
323 silly addNameRange     '3.0.0',
323 silly addNameRange     '2.1.1',
323 silly addNameRange     '4.0.0',
323 silly addNameRange     '4.0.1',
323 silly addNameRange     '4.1.0',
323 silly addNameRange     '4.1.1' ] ]
324 silly addNamed object-assign@4.1.1
325 verbose addNamed "4.1.1" is a plain semver version for object-assign
326 silly resolveWithNewModule style-attr@1.3.0 checking installable status
327 silly cache add args [ 'style-attr@^1.0.2', null ]
328 verbose cache add spec style-attr@^1.0.2
329 silly cache add parsed spec Result {
329 silly cache add   raw: 'style-attr@^1.0.2',
329 silly cache add   scope: null,
329 silly cache add   escapedName: 'style-attr',
329 silly cache add   name: 'style-attr',
329 silly cache add   rawSpec: '^1.0.2',
329 silly cache add   spec: '>=1.0.2 <2.0.0',
329 silly cache add   type: 'range' }
330 silly addNamed style-attr@>=1.0.2 <2.0.0
331 verbose addNamed ">=1.0.2 <2.0.0" is a valid semver range for style-attr
332 silly addNameRange { name: 'style-attr', range: '>=1.0.2 <2.0.0', hasData: false }
333 silly mapToRegistry name style-attr
334 silly mapToRegistry using default registry
335 silly mapToRegistry registry https://registry.npmjs.org/
336 silly mapToRegistry data Result {
336 silly mapToRegistry   raw: 'style-attr',
336 silly mapToRegistry   scope: null,
336 silly mapToRegistry   escapedName: 'style-attr',
336 silly mapToRegistry   name: 'style-attr',
336 silly mapToRegistry   rawSpec: '',
336 silly mapToRegistry   spec: 'latest',
336 silly mapToRegistry   type: 'tag' }
337 silly mapToRegistry uri https://registry.npmjs.org/style-attr
338 verbose addNameRange registry:https://registry.npmjs.org/style-attr not in flight; fetching
339 verbose get https://registry.npmjs.org/envify not expired, no request
340 silly addNameRange number 2 { name: 'envify', range: '>=3.4.1 <4.0.0', hasData: true }
341 silly addNameRange versions [ 'envify',
341 silly addNameRange   [ '0.0.1',
341 silly addNameRange     '0.1.0',
341 silly addNameRange     '0.2.0',
341 silly addNameRange     '1.0.0',
341 silly addNameRange     '1.0.1',
341 silly addNameRange     '1.1.0',
341 silly addNameRange     '1.2.0',
341 silly addNameRange     '1.2.1',
341 silly addNameRange     '2.0.0',
341 silly addNameRange     '2.0.1',
341 silly addNameRange     '3.0.0',
341 silly addNameRange     '3.1.0',
341 silly addNameRange     '3.2.0',
341 silly addNameRange     '3.3.0',
341 silly addNameRange     '3.3.1',
341 silly addNameRange     '3.4.0',
341 silly addNameRange     '3.4.1',
341 silly addNameRange     '4.0.0',
341 silly addNameRange     '4.1.0' ] ]
342 silly addNamed envify@3.4.1
343 verbose addNamed "3.4.1" is a plain semver version for envify
344 verbose get https://registry.npmjs.org/browserify-css not expired, no request
345 silly addNameRange number 2 { name: 'browserify-css',
345 silly addNameRange   range: '>=0.8.2 <0.9.0',
345 silly addNameRange   hasData: true }
346 silly addNameRange versions [ 'browserify-css',
346 silly addNameRange   [ '0.1.0',
346 silly addNameRange     '0.2.0',
346 silly addNameRange     '0.2.1',
346 silly addNameRange     '0.2.2',
346 silly addNameRange     '0.3.0',
346 silly addNameRange     '0.3.1',
346 silly addNameRange     '0.3.2',
346 silly addNameRange     '0.3.3',
346 silly addNameRange     '0.4.0',
346 silly addNameRange     '0.4.1',
346 silly addNameRange     '0.4.2',
346 silly addNameRange     '0.5.0',
346 silly addNameRange     '0.6.0',
346 silly addNameRange     '0.6.1',
346 silly addNameRange     '0.7.0',
346 silly addNameRange     '0.7.1',
346 silly addNameRange     '0.8.0',
346 silly addNameRange     '0.8.1',
346 silly addNameRange     '0.8.2',
346 silly addNameRange     '0.8.3',
346 silly addNameRange     '0.8.4',
346 silly addNameRange     '0.9.0',
346 silly addNameRange     '0.9.1',
346 silly addNameRange     '0.9.2',
346 silly addNameRange     '0.10.0',
346 silly addNameRange     '0.10.1',
346 silly addNameRange     '0.11.0',
346 silly addNameRange     '0.11.1',
346 silly addNameRange     '0.12.0',
346 silly addNameRange     '0.12.1',
346 silly addNameRange     '0.13.0',
346 silly addNameRange     '0.13.1',
346 silly addNameRange     '0.14.0' ] ]
347 silly addNamed browserify-css@0.8.4
348 verbose addNamed "0.8.4" is a plain semver version for browserify-css
349 silly resolveWithNewModule promise-polyfill@3.1.0 checking installable status
350 silly cache add args [ 'promise-polyfill@^3.1.0', null ]
351 verbose cache add spec promise-polyfill@^3.1.0
352 silly cache add parsed spec Result {
352 silly cache add   raw: 'promise-polyfill@^3.1.0',
352 silly cache add   scope: null,
352 silly cache add   escapedName: 'promise-polyfill',
352 silly cache add   name: 'promise-polyfill',
352 silly cache add   rawSpec: '^3.1.0',
352 silly cache add   spec: '>=3.1.0 <4.0.0',
352 silly cache add   type: 'range' }
353 silly addNamed promise-polyfill@>=3.1.0 <4.0.0
354 verbose addNamed ">=3.1.0 <4.0.0" is a valid semver range for promise-polyfill
355 silly addNameRange { name: 'promise-polyfill',
355 silly addNameRange   range: '>=3.1.0 <4.0.0',
355 silly addNameRange   hasData: false }
356 silly mapToRegistry name promise-polyfill
357 silly mapToRegistry using default registry
358 silly mapToRegistry registry https://registry.npmjs.org/
359 silly mapToRegistry data Result {
359 silly mapToRegistry   raw: 'promise-polyfill',
359 silly mapToRegistry   scope: null,
359 silly mapToRegistry   escapedName: 'promise-polyfill',
359 silly mapToRegistry   name: 'promise-polyfill',
359 silly mapToRegistry   rawSpec: '',
359 silly mapToRegistry   spec: 'latest',
359 silly mapToRegistry   type: 'tag' }
360 silly mapToRegistry uri https://registry.npmjs.org/promise-polyfill
361 verbose addNameRange registry:https://registry.npmjs.org/promise-polyfill not in flight; fetching
362 http 304 https://registry.npmjs.org/load-bmfont
363 verbose headers { date: 'Tue, 13 Mar 2018 05:48:09 GMT',
363 verbose headers   via: '1.1 varnish',
363 verbose headers   'cache-control': 'max-age=300',
363 verbose headers   etag: '"588b6e71-3f66"',
363 verbose headers   age: '0',
363 verbose headers   connection: 'keep-alive',
363 verbose headers   'x-served-by': 'cache-lax8638-LAX',
363 verbose headers   'x-cache': 'MISS',
363 verbose headers   'x-cache-hits': '0',
363 verbose headers   'x-timer': 'S1520920089.316509,VS0,VE87',
363 verbose headers   vary: 'Accept-Encoding, Accept' }
364 silly get cb [ 304,
364 silly get   { date: 'Tue, 13 Mar 2018 05:48:09 GMT',
364 silly get     via: '1.1 varnish',
364 silly get     'cache-control': 'max-age=300',
364 silly get     etag: '"588b6e71-3f66"',
364 silly get     age: '0',
364 silly get     connection: 'keep-alive',
364 silly get     'x-served-by': 'cache-lax8638-LAX',
364 silly get     'x-cache': 'MISS',
364 silly get     'x-cache-hits': '0',
364 silly get     'x-timer': 'S1520920089.316509,VS0,VE87',
364 silly get     vary: 'Accept-Encoding, Accept' } ]
365 verbose etag https://registry.npmjs.org/load-bmfont from cache
366 verbose get saving load-bmfont to /Users/NathanielSena/.npm/registry.npmjs.org/load-bmfont/.cache.json
367 verbose correctMkdir /Users/NathanielSena/.npm correctMkdir not in flight; initializing
368 verbose get https://registry.npmjs.org/style-attr not expired, no request
369 silly addNameRange number 2 { name: 'style-attr', range: '>=1.0.2 <2.0.0', hasData: true }
370 silly addNameRange versions [ 'style-attr',
370 silly addNameRange   [ '1.0.0', '1.0.1', '1.0.2', '1.1.0', '1.2.0', '1.3.0' ] ]
371 silly addNamed style-attr@1.3.0
372 verbose addNamed "1.3.0" is a plain semver version for style-attr
373 silly resolveWithNewModule deep-assign@2.0.0 checking installable status
374 silly cache add args [ 'deep-assign@^2.0.0', null ]
375 verbose cache add spec deep-assign@^2.0.0
376 silly cache add parsed spec Result {
376 silly cache add   raw: 'deep-assign@^2.0.0',
376 silly cache add   scope: null,
376 silly cache add   escapedName: 'deep-assign',
376 silly cache add   name: 'deep-assign',
376 silly cache add   rawSpec: '^2.0.0',
376 silly cache add   spec: '>=2.0.0 <3.0.0',
376 silly cache add   type: 'range' }
377 silly addNamed deep-assign@>=2.0.0 <3.0.0
378 verbose addNamed ">=2.0.0 <3.0.0" is a valid semver range for deep-assign
379 silly addNameRange { name: 'deep-assign', range: '>=2.0.0 <3.0.0', hasData: false }
380 silly mapToRegistry name deep-assign
381 silly mapToRegistry using default registry
382 silly mapToRegistry registry https://registry.npmjs.org/
383 silly mapToRegistry data Result {
383 silly mapToRegistry   raw: 'deep-assign',
383 silly mapToRegistry   scope: null,
383 silly mapToRegistry   escapedName: 'deep-assign',
383 silly mapToRegistry   name: 'deep-assign',
383 silly mapToRegistry   rawSpec: '',
383 silly mapToRegistry   spec: 'latest',
383 silly mapToRegistry   type: 'tag' }
384 silly mapToRegistry uri https://registry.npmjs.org/deep-assign
385 verbose addNameRange registry:https://registry.npmjs.org/deep-assign not in flight; fetching
386 silly cache afterAdd object-assign@4.1.1
387 verbose afterAdd /Users/NathanielSena/.npm/object-assign/4.1.1/package/package.json not in flight; writing
388 verbose correctMkdir /Users/NathanielSena/.npm correctMkdir not in flight; initializing
389 verbose get https://registry.npmjs.org/promise-polyfill not expired, no request
390 silly addNameRange number 2 { name: 'promise-polyfill',
390 silly addNameRange   range: '>=3.1.0 <4.0.0',
390 silly addNameRange   hasData: true }
391 silly addNameRange versions [ 'promise-polyfill',
391 silly addNameRange   [ '1.0.1',
391 silly addNameRange     '1.0.5',
391 silly addNameRange     '1.0.6',
391 silly addNameRange     '1.1.0',
391 silly addNameRange     '1.1.2',
391 silly addNameRange     '1.1.3',
391 silly addNameRange     '1.1.5',
391 silly addNameRange     '1.1.6',
391 silly addNameRange     '2.0.0',
391 silly addNameRange     '2.0.1',
391 silly addNameRange     '2.0.2',
391 silly addNameRange     '2.1.0',
391 silly addNameRange     '2.1.1',
391 silly addNameRange     '2.1.2',
391 silly addNameRange     '2.1.3',
391 silly addNameRange     '2.1.4',
391 silly addNameRange     '3.0.0',
391 silly addNameRange     '3.1.0',
391 silly addNameRange     '4.0.1',
391 silly addNameRange     '4.0.2',
391 silly addNameRange     '4.0.3',
391 silly addNameRange     '4.0.4',
391 silly addNameRange     '5.0.0',
391 silly addNameRange     '5.1.0',
391 silly addNameRange     '5.2.0',
391 silly addNameRange     '5.2.1',
391 silly addNameRange     '6.0.0',
391 silly addNameRange     '6.0.1',
391 silly addNameRange     '6.0.2',
391 silly addNameRange     '6.1.0',
391 silly addNameRange     '7.0.0',
391 silly addNameRange     '7.0.1',
391 silly addNameRange     '7.0.2',
391 silly addNameRange     '7.1.0' ] ]
392 silly addNamed promise-polyfill@3.1.0
393 verbose addNamed "3.1.0" is a plain semver version for promise-polyfill
394 silly cache afterAdd browserify-css@0.8.4
395 verbose afterAdd /Users/NathanielSena/.npm/browserify-css/0.8.4/package/package.json not in flight; writing
396 verbose correctMkdir /Users/NathanielSena/.npm correctMkdir not in flight; initializing
397 http 304 https://registry.npmjs.org/present
398 verbose headers { date: 'Tue, 13 Mar 2018 05:48:09 GMT',
398 verbose headers   via: '1.1 varnish',
398 verbose headers   'cache-control': 'max-age=300',
398 verbose headers   etag: '"59856946-28e5"',
398 verbose headers   age: '0',
398 verbose headers   connection: 'keep-alive',
398 verbose headers   'x-served-by': 'cache-lax8644-LAX',
398 verbose headers   'x-cache': 'MISS',
398 verbose headers   'x-cache-hits': '0',
398 verbose headers   'x-timer': 'S1520920089.315343,VS0,VE126',
398 verbose headers   vary: 'Accept-Encoding, Accept' }
399 silly get cb [ 304,
399 silly get   { date: 'Tue, 13 Mar 2018 05:48:09 GMT',
399 silly get     via: '1.1 varnish',
399 silly get     'cache-control': 'max-age=300',
399 silly get     etag: '"59856946-28e5"',
399 silly get     age: '0',
399 silly get     connection: 'keep-alive',
399 silly get     'x-served-by': 'cache-lax8644-LAX',
399 silly get     'x-cache': 'MISS',
399 silly get     'x-cache-hits': '0',
399 silly get     'x-timer': 'S1520920089.315343,VS0,VE126',
399 silly get     vary: 'Accept-Encoding, Accept' } ]
400 verbose etag https://registry.npmjs.org/present from cache
401 verbose get saving present to /Users/NathanielSena/.npm/registry.npmjs.org/present/.cache.json
402 verbose correctMkdir /Users/NathanielSena/.npm correctMkdir not in flight; initializing
403 verbose get https://registry.npmjs.org/deep-assign not expired, no request
404 silly addNameRange number 2 { name: 'deep-assign', range: '>=2.0.0 <3.0.0', hasData: true }
405 silly addNameRange versions [ 'deep-assign', [ '1.0.0', '2.0.0' ] ]
406 silly addNamed deep-assign@2.0.0
407 verbose addNamed "2.0.0" is a plain semver version for deep-assign
408 silly cache afterAdd envify@3.4.1
409 verbose afterAdd /Users/NathanielSena/.npm/envify/3.4.1/package/package.json not in flight; writing
410 verbose correctMkdir /Users/NathanielSena/.npm correctMkdir not in flight; initializing
411 silly cache afterAdd style-attr@1.3.0
412 verbose afterAdd /Users/NathanielSena/.npm/style-attr/1.3.0/package/package.json not in flight; writing
413 verbose correctMkdir /Users/NathanielSena/.npm correctMkdir not in flight; initializing
414 verbose afterAdd /Users/NathanielSena/.npm/object-assign/4.1.1/package/package.json written
415 silly cache afterAdd promise-polyfill@3.1.0
416 verbose afterAdd /Users/NathanielSena/.npm/promise-polyfill/3.1.0/package/package.json not in flight; writing
417 verbose correctMkdir /Users/NathanielSena/.npm correctMkdir not in flight; initializing
418 silly cache afterAdd deep-assign@2.0.0
419 verbose afterAdd /Users/NathanielSena/.npm/deep-assign/2.0.0/package/package.json not in flight; writing
420 verbose correctMkdir /Users/NathanielSena/.npm correctMkdir not in flight; initializing
421 silly resolveWithNewModule load-bmfont@1.3.0 checking installable status
422 silly cache add args [ 'load-bmfont@^1.2.3', null ]
423 verbose cache add spec load-bmfont@^1.2.3
424 silly cache add parsed spec Result {
424 silly cache add   raw: 'load-bmfont@^1.2.3',
424 silly cache add   scope: null,
424 silly cache add   escapedName: 'load-bmfont',
424 silly cache add   name: 'load-bmfont',
424 silly cache add   rawSpec: '^1.2.3',
424 silly cache add   spec: '>=1.2.3 <2.0.0',
424 silly cache add   type: 'range' }
425 silly addNamed load-bmfont@>=1.2.3 <2.0.0
426 verbose addNamed ">=1.2.3 <2.0.0" is a valid semver range for load-bmfont
427 silly addNameRange { name: 'load-bmfont', range: '>=1.2.3 <2.0.0', hasData: false }
428 silly mapToRegistry name load-bmfont
429 silly mapToRegistry using default registry
430 silly mapToRegistry registry https://registry.npmjs.org/
431 silly mapToRegistry data Result {
431 silly mapToRegistry   raw: 'load-bmfont',
431 silly mapToRegistry   scope: null,
431 silly mapToRegistry   escapedName: 'load-bmfont',
431 silly mapToRegistry   name: 'load-bmfont',
431 silly mapToRegistry   rawSpec: '',
431 silly mapToRegistry   spec: 'latest',
431 silly mapToRegistry   type: 'tag' }
432 silly mapToRegistry uri https://registry.npmjs.org/load-bmfont
433 verbose addNameRange registry:https://registry.npmjs.org/load-bmfont not in flight; fetching
434 verbose afterAdd /Users/NathanielSena/.npm/browserify-css/0.8.4/package/package.json written
435 verbose afterAdd /Users/NathanielSena/.npm/envify/3.4.1/package/package.json written
436 http 304 https://registry.npmjs.org/webvr-polyfill
437 verbose headers { date: 'Tue, 13 Mar 2018 05:48:09 GMT',
437 verbose headers   via: '1.1 varnish',
437 verbose headers   'cache-control': 'max-age=300',
437 verbose headers   etag: '"5a45a359-143f6"',
437 verbose headers   age: '0',
437 verbose headers   connection: 'keep-alive',
437 verbose headers   'x-served-by': 'cache-lax8622-LAX',
437 verbose headers   'x-cache': 'MISS',
437 verbose headers   'x-cache-hits': '0',
437 verbose headers   'x-timer': 'S1520920089.335032,VS0,VE130',
437 verbose headers   vary: 'Accept-Encoding, Accept' }
438 silly get cb [ 304,
438 silly get   { date: 'Tue, 13 Mar 2018 05:48:09 GMT',
438 silly get     via: '1.1 varnish',
438 silly get     'cache-control': 'max-age=300',
438 silly get     etag: '"5a45a359-143f6"',
438 silly get     age: '0',
438 silly get     connection: 'keep-alive',
438 silly get     'x-served-by': 'cache-lax8622-LAX',
438 silly get     'x-cache': 'MISS',
438 silly get     'x-cache-hits': '0',
438 silly get     'x-timer': 'S1520920089.335032,VS0,VE130',
438 silly get     vary: 'Accept-Encoding, Accept' } ]
439 verbose etag https://registry.npmjs.org/webvr-polyfill from cache
440 verbose get saving webvr-polyfill to /Users/NathanielSena/.npm/registry.npmjs.org/webvr-polyfill/.cache.json
441 verbose correctMkdir /Users/NathanielSena/.npm correctMkdir not in flight; initializing
442 verbose afterAdd /Users/NathanielSena/.npm/style-attr/1.3.0/package/package.json written
443 silly resolveWithNewModule present@0.0.6 checking installable status
444 silly cache add args [ 'present@0.0.6', null ]
445 verbose cache add spec present@0.0.6
446 silly cache add parsed spec Result {
446 silly cache add   raw: 'present@0.0.6',
446 silly cache add   scope: null,
446 silly cache add   escapedName: 'present',
446 silly cache add   name: 'present',
446 silly cache add   rawSpec: '0.0.6',
446 silly cache add   spec: '0.0.6',
446 silly cache add   type: 'version' }
447 silly addNamed present@0.0.6
448 verbose addNamed "0.0.6" is a plain semver version for present
449 silly mapToRegistry name present
450 silly mapToRegistry using default registry
451 silly mapToRegistry registry https://registry.npmjs.org/
452 silly mapToRegistry data Result {
452 silly mapToRegistry   raw: 'present',
452 silly mapToRegistry   scope: null,
452 silly mapToRegistry   escapedName: 'present',
452 silly mapToRegistry   name: 'present',
452 silly mapToRegistry   rawSpec: '',
452 silly mapToRegistry   spec: 'latest',
452 silly mapToRegistry   type: 'tag' }
453 silly mapToRegistry uri https://registry.npmjs.org/present
454 verbose addNameVersion registry:https://registry.npmjs.org/present not in flight; fetching
455 verbose get https://registry.npmjs.org/load-bmfont not expired, no request
456 silly addNameRange number 2 { name: 'load-bmfont', range: '>=1.2.3 <2.0.0', hasData: true }
457 silly addNameRange versions [ 'load-bmfont',
457 silly addNameRange   [ '1.0.0',
457 silly addNameRange     '1.1.0',
457 silly addNameRange     '1.2.0',
457 silly addNameRange     '1.2.1',
457 silly addNameRange     '1.2.2',
457 silly addNameRange     '1.2.3',
457 silly addNameRange     '1.2.4',
457 silly addNameRange     '1.2.5',
457 silly addNameRange     '1.3.0' ] ]
458 silly addNamed load-bmfont@1.3.0
459 verbose addNamed "1.3.0" is a plain semver version for load-bmfont
460 verbose afterAdd /Users/NathanielSena/.npm/promise-polyfill/3.1.0/package/package.json written
461 verbose afterAdd /Users/NathanielSena/.npm/deep-assign/2.0.0/package/package.json written
462 http 200 https://registry.npmjs.org/@tweenjs%2ftween.js
463 verbose headers { 'content-type': 'application/json; charset=UTF-8',
463 verbose headers   server: 'AmazonS3',
463 verbose headers   'last-modified': 'Mon, 12 Feb 2018 0:48:12 GMT',
463 verbose headers   etag: 'W/"5a80e44c-72d3"',
463 verbose headers   'content-encoding': 'gzip',
463 verbose headers   via: '1.1 varnish (Varnish/5.2), 1.1 varnish',
463 verbose headers   'cache-control': 'max-age=0',
463 verbose headers   'content-length': '5274',
463 verbose headers   'accept-ranges': 'bytes',
463 verbose headers   date: 'Tue, 13 Mar 2018 05:48:09 GMT',
463 verbose headers   age: '0',
463 verbose headers   connection: 'keep-alive',
463 verbose headers   'x-served-by': 'cache-lax8647-LAX',
463 verbose headers   'x-cache': 'MISS',
463 verbose headers   'x-cache-hits': '0',
463 verbose headers   'x-timer': 'S1520920089.297564,VS0,VE185',
463 verbose headers   vary: 'Accept, Accept-Encoding' }
464 silly get cb [ 200,
464 silly get   { 'content-type': 'application/json; charset=UTF-8',
464 silly get     server: 'AmazonS3',
464 silly get     'last-modified': 'Mon, 12 Feb 2018 0:48:12 GMT',
464 silly get     etag: 'W/"5a80e44c-72d3"',
464 silly get     'content-encoding': 'gzip',
464 silly get     via: '1.1 varnish (Varnish/5.2), 1.1 varnish',
464 silly get     'cache-control': 'max-age=0',
464 silly get     'content-length': '5274',
464 silly get     'accept-ranges': 'bytes',
464 silly get     date: 'Tue, 13 Mar 2018 05:48:09 GMT',
464 silly get     age: '0',
464 silly get     connection: 'keep-alive',
464 silly get     'x-served-by': 'cache-lax8647-LAX',
464 silly get     'x-cache': 'MISS',
464 silly get     'x-cache-hits': '0',
464 silly get     'x-timer': 'S1520920089.297564,VS0,VE185',
464 silly get     vary: 'Accept, Accept-Encoding' } ]
465 verbose get saving @tweenjs/tween.js to /Users/NathanielSena/.npm/registry.npmjs.org/_40tweenjs_252ftween.js/.cache.json
466 verbose correctMkdir /Users/NathanielSena/.npm correctMkdir not in flight; initializing
467 verbose get https://registry.npmjs.org/present not expired, no request
468 silly cache afterAdd load-bmfont@1.3.0
469 verbose afterAdd /Users/NathanielSena/.npm/load-bmfont/1.3.0/package/package.json not in flight; writing
470 verbose correctMkdir /Users/NathanielSena/.npm correctMkdir not in flight; initializing
471 silly resolveWithNewModule webvr-polyfill@0.9.41 checking installable status
472 silly cache add args [ 'webvr-polyfill@^0.9.40', null ]
473 verbose cache add spec webvr-polyfill@^0.9.40
474 silly cache add parsed spec Result {
474 silly cache add   raw: 'webvr-polyfill@^0.9.40',
474 silly cache add   scope: null,
474 silly cache add   escapedName: 'webvr-polyfill',
474 silly cache add   name: 'webvr-polyfill',
474 silly cache add   rawSpec: '^0.9.40',
474 silly cache add   spec: '>=0.9.40 <0.10.0',
474 silly cache add   type: 'range' }
475 silly addNamed webvr-polyfill@>=0.9.40 <0.10.0
476 verbose addNamed ">=0.9.40 <0.10.0" is a valid semver range for webvr-polyfill
477 silly addNameRange { name: 'webvr-polyfill',
477 silly addNameRange   range: '>=0.9.40 <0.10.0',
477 silly addNameRange   hasData: false }
478 silly mapToRegistry name webvr-polyfill
479 silly mapToRegistry using default registry
480 silly mapToRegistry registry https://registry.npmjs.org/
481 silly mapToRegistry data Result {
481 silly mapToRegistry   raw: 'webvr-polyfill',
481 silly mapToRegistry   scope: null,
481 silly mapToRegistry   escapedName: 'webvr-polyfill',
481 silly mapToRegistry   name: 'webvr-polyfill',
481 silly mapToRegistry   rawSpec: '',
481 silly mapToRegistry   spec: 'latest',
481 silly mapToRegistry   type: 'tag' }
482 silly mapToRegistry uri https://registry.npmjs.org/webvr-polyfill
483 verbose addNameRange registry:https://registry.npmjs.org/webvr-polyfill not in flight; fetching
484 http 200 https://registry.npmjs.org/three-bmfont-text
485 verbose headers { 'content-type': 'application/json; charset=UTF-8',
485 verbose headers   server: 'UploadServer',
485 verbose headers   'cache-control': 'max-age=300',
485 verbose headers   'last-modified': 'Fri, 2 Mar 2018 16:30:56 GMT',
485 verbose headers   etag: '"5a997c40-9f05"',
485 verbose headers   'x-npm-region': 'US-West',
485 verbose headers   'content-encoding': 'gzip',
485 verbose headers   'content-length': '6229',
485 verbose headers   'accept-ranges': 'bytes',
485 verbose headers   date: 'Tue, 13 Mar 2018 05:48:09 GMT',
485 verbose headers   via: '1.1 varnish',
485 verbose headers   age: '0',
485 verbose headers   connection: 'keep-alive',
485 verbose headers   'x-served-by': 'cache-lax8630-LAX',
485 verbose headers   'x-cache': 'MISS',
485 verbose headers   'x-cache-hits': '0',
485 verbose headers   'x-timer': 'S1520920089.334385,VS0,VE170',
485 verbose headers   vary: 'Accept-Encoding, Accept' }
486 silly get cb [ 200,
486 silly get   { 'content-type': 'application/json; charset=UTF-8',
486 silly get     server: 'UploadServer',
486 silly get     'cache-control': 'max-age=300',
486 silly get     'last-modified': 'Fri, 2 Mar 2018 16:30:56 GMT',
486 silly get     etag: '"5a997c40-9f05"',
486 silly get     'x-npm-region': 'US-West',
486 silly get     'content-encoding': 'gzip',
486 silly get     'content-length': '6229',
486 silly get     'accept-ranges': 'bytes',
486 silly get     date: 'Tue, 13 Mar 2018 05:48:09 GMT',
486 silly get     via: '1.1 varnish',
486 silly get     age: '0',
486 silly get     connection: 'keep-alive',
486 silly get     'x-served-by': 'cache-lax8630-LAX',
486 silly get     'x-cache': 'MISS',
486 silly get     'x-cache-hits': '0',
486 silly get     'x-timer': 'S1520920089.334385,VS0,VE170',
486 silly get     vary: 'Accept-Encoding, Accept' } ]
487 verbose get saving three-bmfont-text to /Users/NathanielSena/.npm/registry.npmjs.org/three-bmfont-text/.cache.json
488 verbose correctMkdir /Users/NathanielSena/.npm correctMkdir not in flight; initializing
489 verbose updateRemote git fetch -a origin (git://github.com/ngokevin/debug.git)
490 verbose correctMkdir /Users/NathanielSena/.npm/_git-remotes correctMkdir not in flight; initializing
491 silly cache afterAdd present@0.0.6
492 verbose afterAdd /Users/NathanielSena/.npm/present/0.0.6/package/package.json not in flight; writing
493 verbose correctMkdir /Users/NathanielSena/.npm correctMkdir not in flight; initializing
494 verbose get https://registry.npmjs.org/webvr-polyfill not expired, no request
495 silly addNameRange number 2 { name: 'webvr-polyfill',
495 silly addNameRange   range: '>=0.9.40 <0.10.0',
495 silly addNameRange   hasData: true }
496 silly addNameRange versions [ 'webvr-polyfill',
496 silly addNameRange   [ '0.0.1',
496 silly addNameRange     '0.2.4',
496 silly addNameRange     '0.2.5',
496 silly addNameRange     '0.2.6',
496 silly addNameRange     '0.2.7',
496 silly addNameRange     '0.9.0',
496 silly addNameRange     '0.9.1',
496 silly addNameRange     '0.9.2',
496 silly addNameRange     '0.9.4',
496 silly addNameRange     '0.9.5',
496 silly addNameRange     '0.9.6',
496 silly addNameRange     '0.9.7',
496 silly addNameRange     '0.9.8',
496 silly addNameRange     '0.9.9',
496 silly addNameRange     '0.9.10',
496 silly addNameRange     '0.9.11',
496 silly addNameRange     '0.9.12',
496 silly addNameRange     '0.9.13',
496 silly addNameRange     '0.9.14',
496 silly addNameRange     '0.9.15',
496 silly addNameRange     '0.9.16',
496 silly addNameRange     '0.9.17',
496 silly addNameRange     '0.9.18',
496 silly addNameRange     '0.9.19',
496 silly addNameRange     '0.9.20',
496 silly addNameRange     '0.9.21',
496 silly addNameRange     '0.9.3',
496 silly addNameRange     '0.9.22',
496 silly addNameRange     '0.9.23',
496 silly addNameRange     '0.9.24',
496 silly addNameRange     '0.9.25',
496 silly addNameRange     '0.9.26',
496 silly addNameRange     '0.9.27',
496 silly addNameRange     '0.9.28',
496 silly addNameRange     '0.9.29',
496 silly addNameRange     '0.9.30',
496 silly addNameRange     '0.9.32',
496 silly addNameRange     '0.9.33',
496 silly addNameRange     '0.9.34',
496 silly addNameRange     '0.9.35',
496 silly addNameRange     '0.9.36',
496 silly addNameRange     '0.9.37',
496 silly addNameRange     '0.9.38',
496 silly addNameRange     '0.9.39',
496 silly addNameRange     '0.9.40',
496 silly addNameRange     '0.9.41',
496 silly addNameRange     '0.10.0',
496 silly addNameRange     '0.10.1',
496 silly addNameRange     '0.10.2' ] ]
497 silly addNamed webvr-polyfill@0.9.41
498 verbose addNamed "0.9.41" is a plain semver version for webvr-polyfill
499 verbose afterAdd /Users/NathanielSena/.npm/load-bmfont/1.3.0/package/package.json written
500 silly resolveWithNewModule @tweenjs/tween.js@16.11.0 checking installable status
501 silly cache add args [ '@tweenjs/tween.js@^16.8.0', null ]
502 verbose cache add spec @tweenjs/tween.js@^16.8.0
503 silly cache add parsed spec Result {
503 silly cache add   raw: '@tweenjs/tween.js@^16.8.0',
503 silly cache add   scope: '@tweenjs',
503 silly cache add   escapedName: '@tweenjs%2ftween.js',
503 silly cache add   name: '@tweenjs/tween.js',
503 silly cache add   rawSpec: '^16.8.0',
503 silly cache add   spec: '>=16.8.0 <17.0.0',
503 silly cache add   type: 'range' }
504 silly addNamed @tweenjs/tween.js@>=16.8.0 <17.0.0
505 verbose addNamed ">=16.8.0 <17.0.0" is a valid semver range for @tweenjs/tween.js
506 silly addNameRange { name: '@tweenjs/tween.js',
506 silly addNameRange   range: '>=16.8.0 <17.0.0',
506 silly addNameRange   hasData: false }
507 silly mapToRegistry name @tweenjs/tween.js
508 silly mapToRegistry scope (from package name) @tweenjs
509 verbose mapToRegistry no registry URL found in name for scope @tweenjs
510 silly mapToRegistry using default registry
511 silly mapToRegistry registry https://registry.npmjs.org/
512 silly mapToRegistry data Result {
512 silly mapToRegistry   raw: '@tweenjs/tween.js',
512 silly mapToRegistry   scope: '@tweenjs',
512 silly mapToRegistry   escapedName: '@tweenjs%2ftween.js',
512 silly mapToRegistry   name: '@tweenjs/tween.js',
512 silly mapToRegistry   rawSpec: '',
512 silly mapToRegistry   spec: 'latest',
512 silly mapToRegistry   type: 'tag' }
513 silly mapToRegistry uri https://registry.npmjs.org/@tweenjs%2ftween.js
514 verbose addNameRange registry:https://registry.npmjs.org/@tweenjs%2ftween.js not in flight; fetching
515 verbose afterAdd /Users/NathanielSena/.npm/present/0.0.6/package/package.json written
516 silly cache afterAdd webvr-polyfill@0.9.41
517 verbose afterAdd /Users/NathanielSena/.npm/webvr-polyfill/0.9.41/package/package.json not in flight; writing
518 verbose correctMkdir /Users/NathanielSena/.npm correctMkdir not in flight; initializing
519 silly resolveWithNewModule three-bmfont-text@2.3.0 checking installable status
520 silly cache add args [ 'three-bmfont-text@^2.1.0', null ]
521 verbose cache add spec three-bmfont-text@^2.1.0
522 silly cache add parsed spec Result {
522 silly cache add   raw: 'three-bmfont-text@^2.1.0',
522 silly cache add   scope: null,
522 silly cache add   escapedName: 'three-bmfont-text',
522 silly cache add   name: 'three-bmfont-text',
522 silly cache add   rawSpec: '^2.1.0',
522 silly cache add   spec: '>=2.1.0 <3.0.0',
522 silly cache add   type: 'range' }
523 silly addNamed three-bmfont-text@>=2.1.0 <3.0.0
524 verbose addNamed ">=2.1.0 <3.0.0" is a valid semver range for three-bmfont-text
525 silly addNameRange { name: 'three-bmfont-text',
525 silly addNameRange   range: '>=2.1.0 <3.0.0',
525 silly addNameRange   hasData: false }
526 silly mapToRegistry name three-bmfont-text
527 silly mapToRegistry using default registry
528 silly mapToRegistry registry https://registry.npmjs.org/
529 silly mapToRegistry data Result {
529 silly mapToRegistry   raw: 'three-bmfont-text',
529 silly mapToRegistry   scope: null,
529 silly mapToRegistry   escapedName: 'three-bmfont-text',
529 silly mapToRegistry   name: 'three-bmfont-text',
529 silly mapToRegistry   rawSpec: '',
529 silly mapToRegistry   spec: 'latest',
529 silly mapToRegistry   type: 'tag' }
530 silly mapToRegistry uri https://registry.npmjs.org/three-bmfont-text
531 verbose addNameRange registry:https://registry.npmjs.org/three-bmfont-text not in flight; fetching
532 verbose get https://registry.npmjs.org/@tweenjs%2ftween.js not expired, no request
533 silly addNameRange number 2 { name: '@tweenjs/tween.js',
533 silly addNameRange   range: '>=16.8.0 <17.0.0',
533 silly addNameRange   hasData: true }
534 silly addNameRange versions [ '@tweenjs/tween.js',
534 silly addNameRange   [ '0.0.0-development',
534 silly addNameRange     '16.6.0',
534 silly addNameRange     '16.7.0',
534 silly addNameRange     '16.8.0',
534 silly addNameRange     '16.9.0',
534 silly addNameRange     '16.10.0',
534 silly addNameRange     '16.11.0',
534 silly addNameRange     '17.1.0',
534 silly addNameRange     '17.1.1',
534 silly addNameRange     '17.2.0' ] ]
535 silly addNamed @tweenjs/tween.js@16.11.0
536 verbose addNamed "16.11.0" is a plain semver version for @tweenjs/tween.js
537 verbose setPermissions ngokevin/debug#noTimestamp set permissions on /Users/NathanielSena/.npm/_git-remotes/git-github-com-ngokevin-debug-git-noTimestamp-6ab3b0cc
538 verbose resolveHead ngokevin/debug#noTimestamp original treeish: noTimestamp
539 verbose get https://registry.npmjs.org/three-bmfont-text not expired, no request
540 silly addNameRange number 2 { name: 'three-bmfont-text',
540 silly addNameRange   range: '>=2.1.0 <3.0.0',
540 silly addNameRange   hasData: true }
541 silly addNameRange versions [ 'three-bmfont-text',
541 silly addNameRange   [ '1.0.0',
541 silly addNameRange     '1.0.1',
541 silly addNameRange     '1.0.2',
541 silly addNameRange     '1.0.3',
541 silly addNameRange     '1.0.4',
541 silly addNameRange     '1.0.5',
541 silly addNameRange     '1.0.6',
541 silly addNameRange     '1.0.7',
541 silly addNameRange     '1.1.0',
541 silly addNameRange     '1.1.1',
541 silly addNameRange     '1.2.0',
541 silly addNameRange     '2.0.0',
541 silly addNameRange     '2.0.1',
541 silly addNameRange     '2.1.0',
541 silly addNameRange     '2.2.0',
541 silly addNameRange     '2.2.1',
541 silly addNameRange     '2.3.0' ] ]
542 silly addNamed three-bmfont-text@2.3.0
543 verbose addNamed "2.3.0" is a plain semver version for three-bmfont-text
544 verbose afterAdd /Users/NathanielSena/.npm/webvr-polyfill/0.9.41/package/package.json written
545 silly mapToRegistry name three-bmfont-text
546 silly mapToRegistry using default registry
547 silly mapToRegistry registry https://registry.npmjs.org/
548 silly mapToRegistry data Result {
548 silly mapToRegistry   raw: 'three-bmfont-text',
548 silly mapToRegistry   scope: null,
548 silly mapToRegistry   escapedName: 'three-bmfont-text',
548 silly mapToRegistry   name: 'three-bmfont-text',
548 silly mapToRegistry   rawSpec: '',
548 silly mapToRegistry   spec: 'latest',
548 silly mapToRegistry   type: 'tag' }
549 silly mapToRegistry uri https://registry.npmjs.org/three-bmfont-text
550 verbose addRemoteTarball https://registry.npmjs.org/three-bmfont-text/-/three-bmfont-text-2.3.0.tgz not in flight; adding
551 verbose addRemoteTarball [ 'https://registry.npmjs.org/three-bmfont-text/-/three-bmfont-text-2.3.0.tgz',
551 verbose addRemoteTarball   '61d0f6886e281a5d03f1fd66e0517497114784fe' ]
552 silly cache afterAdd @tweenjs/tween.js@16.11.0
553 verbose afterAdd /Users/NathanielSena/.npm/@tweenjs/tween.js/16.11.0/package/package.json not in flight; writing
554 verbose correctMkdir /Users/NathanielSena/.npm correctMkdir not in flight; initializing
555 info git [ 'rev-list', '-n1', 'noTimestamp' ]
556 info retry fetch attempt 1 at 10:48:09 PM
557 info attempt registry request try #1 at 10:48:09 PM
558 http fetch GET https://registry.npmjs.org/three-bmfont-text/-/three-bmfont-text-2.3.0.tgz
559 silly resolveHead ngokevin/debug#noTimestamp resolved treeish: ef5f8e66d49ce8bc64c6f282c15f8b7164409e3a
560 verbose resolveHead ngokevin/debug#noTimestamp resolved Git URL: git://github.com/ngokevin/debug.git#ef5f8e66d49ce8bc64c6f282c15f8b7164409e3a
561 silly resolveHead Git working directory: /tmp/npm-25322-8bf31f12/git-cache-2b5bb249/ef5f8e66d49ce8bc64c6f282c15f8b7164409e3a
562 verbose afterAdd /Users/NathanielSena/.npm/@tweenjs/tween.js/16.11.0/package/package.json written
563 info git [ 'clone',
563 info git   '/Users/NathanielSena/.npm/_git-remotes/git-github-com-ngokevin-debug-git-noTimestamp-6ab3b0cc',
563 info git   '/tmp/npm-25322-8bf31f12/git-cache-2b5bb249/ef5f8e66d49ce8bc64c6f282c15f8b7164409e3a' ]
564 http fetch 200 https://registry.npmjs.org/three-bmfont-text/-/three-bmfont-text-2.3.0.tgz
565 silly fetchAndShaCheck shasum 61d0f6886e281a5d03f1fd66e0517497114784fe
566 verbose addTmpTarball /tmp/npm-25322-8bf31f12/registry.npmjs.org/three-bmfont-text/-/three-bmfont-text-2.3.0.tgz not in flight; adding
567 verbose addTmpTarball already have metadata; skipping unpack for three-bmfont-text@2.3.0
568 verbose correctMkdir /Users/NathanielSena/.npm correctMkdir not in flight; initializing
569 silly cache afterAdd three-bmfont-text@2.3.0
570 verbose afterAdd /Users/NathanielSena/.npm/three-bmfont-text/2.3.0/package/package.json not in flight; writing
571 verbose correctMkdir /Users/NathanielSena/.npm correctMkdir not in flight; initializing
572 verbose afterAdd /Users/NathanielSena/.npm/three-bmfont-text/2.3.0/package/package.json written
573 verbose cloneResolved ngokevin/debug#noTimestamp clone Cloning into '/tmp/npm-25322-8bf31f12/git-cache-2b5bb249/ef5f8e66d49ce8bc64c6f282c15f8b7164409e3a'...
573 verbose cloneResolved done.
574 info git [ 'checkout', 'ef5f8e66d49ce8bc64c6f282c15f8b7164409e3a' ]
575 verbose updateRemote git fetch -a origin (git://github.com/dmarcos/document-register-element.git)
576 verbose correctMkdir /Users/NathanielSena/.npm/_git-remotes correctMkdir not in flight; initializing
577 verbose setPermissions dmarcos/document-register-element#8ccc532b7 set permissions on /Users/NathanielSena/.npm/_git-remotes/git-github-com-dmarcos-document-register-element-git-8ccc532b7-4e079fcb
578 verbose resolveHead dmarcos/document-register-element#8ccc532b7 original treeish: 8ccc532b7
579 info git [ 'rev-list', '-n1', '8ccc532b7' ]
580 silly resolveHead dmarcos/document-register-element#8ccc532b7 resolved treeish: 8ccc532b7f3744be954574caf3072a5fd260ca90
581 verbose resolveHead dmarcos/document-register-element#8ccc532b7 resolved Git URL: git://github.com/dmarcos/document-register-element.git#8ccc532b7f3744be954574caf3072a5fd260ca90
582 silly resolveHead Git working directory: /tmp/npm-25322-8bf31f12/git-cache-ea48915e/8ccc532b7f3744be954574caf3072a5fd260ca90
583 verbose checkoutTreeish ngokevin/debug#noTimestamp checkout Note: checking out 'ef5f8e66d49ce8bc64c6f282c15f8b7164409e3a'.
583 verbose checkoutTreeish
583 verbose checkoutTreeish You are in 'detached HEAD' state. You can look around, make experimental
583 verbose checkoutTreeish changes and commit them, and you can discard any commits you make in this
583 verbose checkoutTreeish state without impacting any branches by performing another checkout.
583 verbose checkoutTreeish
583 verbose checkoutTreeish If you want to create a new branch to retain commits you create, you may
583 verbose checkoutTreeish do so (now or later) by using -b with the checkout command again. Example:
583 verbose checkoutTreeish
583 verbose checkoutTreeish   git checkout -b <new-branch-name>
583 verbose checkoutTreeish
583 verbose checkoutTreeish HEAD is now at ef5f8e6... remove timestamps
584 info git [ 'clone',
584 info git   '/Users/NathanielSena/.npm/_git-remotes/git-github-com-dmarcos-document-register-element-git-8ccc532b7-4e079fcb',
584 info git   '/tmp/npm-25322-8bf31f12/git-cache-ea48915e/8ccc532b7f3744be954574caf3072a5fd260ca90' ]
585 info git [ 'submodule', '-q', 'update', '--init', '--recursive' ]
586 verbose cloneResolved dmarcos/document-register-element#8ccc532b7 clone Cloning into '/tmp/npm-25322-8bf31f12/git-cache-ea48915e/8ccc532b7f3744be954574caf3072a5fd260ca90'...
586 verbose cloneResolved done.
587 info git [ 'checkout', '8ccc532b7f3744be954574caf3072a5fd260ca90' ]
588 verbose updateSubmodules ngokevin/debug#noTimestamp submodule update
589 verbose checkoutTreeish dmarcos/document-register-element#8ccc532b7 checkout Note: checking out '8ccc532b7f3744be954574caf3072a5fd260ca90'.
589 verbose checkoutTreeish
589 verbose checkoutTreeish You are in 'detached HEAD' state. You can look around, make experimental
589 verbose checkoutTreeish changes and commit them, and you can discard any commits you make in this
589 verbose checkoutTreeish state without impacting any branches by performing another checkout.
589 verbose checkoutTreeish
589 verbose checkoutTreeish If you want to create a new branch to retain commits you create, you may
589 verbose checkoutTreeish do so (now or later) by using -b with the checkout command again. Example:
589 verbose checkoutTreeish
589 verbose checkoutTreeish   git checkout -b <new-branch-name>
589 verbose checkoutTreeish
589 verbose checkoutTreeish HEAD is now at 8ccc532... bump build
590 verbose addLocalDirectory /Users/NathanielSena/.npm/debug/2.2.0/package.tgz not in flight; packing
591 verbose correctMkdir /Users/NathanielSena/.npm correctMkdir not in flight; initializing
592 info git [ 'submodule', '-q', 'update', '--init', '--recursive' ]
593 verbose tar pack [ '/Users/NathanielSena/.npm/debug/2.2.0/package.tgz',
593 verbose tar pack   '/tmp/npm-25322-8bf31f12/git-cache-2b5bb249/ef5f8e66d49ce8bc64c6f282c15f8b7164409e3a' ]
594 verbose tarball /Users/NathanielSena/.npm/debug/2.2.0/package.tgz
595 verbose folder /tmp/npm-25322-8bf31f12/git-cache-2b5bb249/ef5f8e66d49ce8bc64c6f282c15f8b7164409e3a
596 verbose addLocalTarball adding from inside cache /Users/NathanielSena/.npm/debug/2.2.0/package.tgz
597 verbose correctMkdir /Users/NathanielSena/.npm correctMkdir not in flight; initializing
598 verbose addRemoteGit data._from: ngokevin/debug#noTimestamp
599 verbose addRemoteGit data._resolved: git://github.com/ngokevin/debug.git#ef5f8e66d49ce8bc64c6f282c15f8b7164409e3a
600 silly cache afterAdd debug@2.2.0
601 verbose afterAdd /Users/NathanielSena/.npm/debug/2.2.0/package/package.json not in flight; writing
602 verbose correctMkdir /Users/NathanielSena/.npm correctMkdir not in flight; initializing
603 verbose afterAdd /Users/NathanielSena/.npm/debug/2.2.0/package/package.json written
604 silly resolveWithNewModule debug@2.2.0 checking installable status
605 verbose updateSubmodules dmarcos/document-register-element#8ccc532b7 submodule update
606 verbose addLocalDirectory /Users/NathanielSena/.npm/document-register-element/0.5.4/package.tgz not in flight; packing
607 verbose correctMkdir /Users/NathanielSena/.npm correctMkdir not in flight; initializing
608 verbose tar pack [ '/Users/NathanielSena/.npm/document-register-element/0.5.4/package.tgz',
608 verbose tar pack   '/tmp/npm-25322-8bf31f12/git-cache-ea48915e/8ccc532b7f3744be954574caf3072a5fd260ca90' ]
609 verbose tarball /Users/NathanielSena/.npm/document-register-element/0.5.4/package.tgz
610 verbose folder /tmp/npm-25322-8bf31f12/git-cache-ea48915e/8ccc532b7f3744be954574caf3072a5fd260ca90
611 verbose addLocalTarball adding from inside cache /Users/NathanielSena/.npm/document-register-element/0.5.4/package.tgz
612 verbose correctMkdir /Users/NathanielSena/.npm correctMkdir not in flight; initializing
613 verbose addRemoteGit data._from: dmarcos/document-register-element#8ccc532b7
614 verbose addRemoteGit data._resolved: git://github.com/dmarcos/document-register-element.git#8ccc532b7f3744be954574caf3072a5fd260ca90
615 silly cache afterAdd document-register-element@0.5.4
616 verbose afterAdd /Users/NathanielSena/.npm/document-register-element/0.5.4/package/package.json not in flight; writing
617 verbose correctMkdir /Users/NathanielSena/.npm correctMkdir not in flight; initializing
618 verbose afterAdd /Users/NathanielSena/.npm/document-register-element/0.5.4/package/package.json written
619 silly resolveWithNewModule document-register-element@0.5.4 checking installable status
620 verbose mirrorRemote dmarcos/three.js#r90fixPose git clone git://github.com/dmarcos/three.js.git
621 verbose correctMkdir /Users/NathanielSena/.npm/_git-remotes correctMkdir not in flight; initializing
622 verbose setPermissions dmarcos/three.js#r90fixPose set permissions on /Users/NathanielSena/.npm/_git-remotes/git-github-com-dmarcos-three-js-git-r90fixPose-cd804eef
623 verbose resolveHead dmarcos/three.js#r90fixPose original treeish: r90fixPose
624 info git [ 'rev-list', '-n1', 'r90fixPose' ]
625 silly resolveHead dmarcos/three.js#r90fixPose resolved treeish: 9be3a8056dead5edbdb4ff2b532138ea5e74054e
626 verbose resolveHead dmarcos/three.js#r90fixPose resolved Git URL: git://github.com/dmarcos/three.js.git#9be3a8056dead5edbdb4ff2b532138ea5e74054e
627 silly resolveHead Git working directory: /tmp/npm-25322-8bf31f12/git-cache-7e362591/9be3a8056dead5edbdb4ff2b532138ea5e74054e
628 info git [ 'clone',
628 info git   '/Users/NathanielSena/.npm/_git-remotes/git-github-com-dmarcos-three-js-git-r90fixPose-cd804eef',
628 info git   '/tmp/npm-25322-8bf31f12/git-cache-7e362591/9be3a8056dead5edbdb4ff2b532138ea5e74054e' ]
629 verbose cloneResolved dmarcos/three.js#r90fixPose clone Cloning into '/tmp/npm-25322-8bf31f12/git-cache-7e362591/9be3a8056dead5edbdb4ff2b532138ea5e74054e'...
629 verbose cloneResolved done.
629 verbose cloneResolved Checking out files:  40% (885/2183)   Checking out files:  41% (896/2183)   Checking out files:  42% (917/2183)   Checking out files:  43% (939/2183)   Checking out files:  44% (961/2183)   Checking out files:  45% (983/2183)   Checking out files:  45% (991/2183)   Checking out files:  46% (1005/2183)   Checking out files:  47% (1027/2183)   Checking out files:  48% (1048/2183)   Checking out files:  49% (1070/2183)   Checking out files:  50% (1092/2183)   Checking out files:  51% (1114/2183)   Checking out files:  52% (1136/2183)   Checking out files:  52% (1142/2183)   Checking out files:  53% (1157/2183)   Checking out files:  54% (1179/2183)   Checking out files:  55% (1201/2183)   Checking out files:  56% (1223/2183)   Checking out files:  57% (1245/2183)   Checking out files:  58% (1267/2183)   Checking out files:  59% (1288/2183)   Checking out files:  60% (1310/2183)   Checking out files:  61% (1332/2183)   Checking out files:  62% (1354/2183)   Checking out files:  63% (1376/2183)   Checking out files:  64% (1398/2183)   Checking out files:  65% (1419/2183)   Checking out files:  66% (1441/2183)   Checking out files:  67% (1463/2183)   Checking out files:  68% (1485/2183)   Checking out files:  69% (1507/2183)   Checking out files:  70% (1529/2183)   Checking out files:  71% (1550/2183)   Checking out files:  72% (1572/2183)   Checking out files:  73% (1594/2183)   Checking out files:  74% (1616/2183)   Checking out files:  75% (1638/2183)   Checking out files:  76% (1660/2183)   Checking out files:  77% (1681/2183)   Checking out files:  78% (1703/2183)   Checking out files:  79% (1725/2183)   Checking out files:  80% (1747/2183)   Checking out files:  81% (1769/2183)   Checking out files:  82% (1791/2183)   Checking out files:  83% (1812/2183)   Checking out files:  84% (1834/2183)   Checking out files:  85% (1856/2183)   Checking out files:  86% (1878/2183)   Checking out files:  87% (1900/2183)   Checking out files:  88% (1922/2183)   Checking out files:  89% (1943/2183)   Checking out files:  90% (1965/2183)   Checking out files:  91% (1987/2183)   Checking out files:  92% (2009/2183)   Checking out files:  92% (2030/2183)   Checking out files:  93% (2031/2183)   Checking out files:  94% (2053/2183)   Checking out files:  95% (2074/2183)   Checking out files:  96% (2096/2183)   Checking out files:  97% (2118/2183)   Checking out files:  98% (2140/2183)   Checking out files:  99% (2162/2183)   Checking out files: 100% (2183/2183)   Checking out files: 100% (2183/2183), done.
630 info git [ 'checkout', '9be3a8056dead5edbdb4ff2b532138ea5e74054e' ]
631 verbose checkoutTreeish dmarcos/three.js#r90fixPose checkout Note: checking out '9be3a8056dead5edbdb4ff2b532138ea5e74054e'.
631 verbose checkoutTreeish
631 verbose checkoutTreeish You are in 'detached HEAD' state. You can look around, make experimental
631 verbose checkoutTreeish changes and commit them, and you can discard any commits you make in this
631 verbose checkoutTreeish state without impacting any branches by performing another checkout.
631 verbose checkoutTreeish
631 verbose checkoutTreeish If you want to create a new branch to retain commits you create, you may
631 verbose checkoutTreeish do so (now or later) by using -b with the checkout command again. Example:
631 verbose checkoutTreeish
631 verbose checkoutTreeish   git checkout -b <new-branch-name>
631 verbose checkoutTreeish
631 verbose checkoutTreeish HEAD is now at 9be3a8056... Bump build
632 info git [ 'submodule', '-q', 'update', '--init', '--recursive' ]
633 verbose updateSubmodules dmarcos/three.js#r90fixPose submodule update
634 verbose addLocalDirectory /Users/NathanielSena/.npm/three/0.90.0/package.tgz not in flight; packing
635 verbose correctMkdir /Users/NathanielSena/.npm correctMkdir not in flight; initializing
636 verbose tar pack [ '/Users/NathanielSena/.npm/three/0.90.0/package.tgz',
636 verbose tar pack   '/tmp/npm-25322-8bf31f12/git-cache-7e362591/9be3a8056dead5edbdb4ff2b532138ea5e74054e' ]
637 verbose tarball /Users/NathanielSena/.npm/three/0.90.0/package.tgz
638 verbose folder /tmp/npm-25322-8bf31f12/git-cache-7e362591/9be3a8056dead5edbdb4ff2b532138ea5e74054e
639 verbose stack Error: write EIO
639 verbose stack     at _errnoException (util.js:1024:11)
639 verbose stack     at WriteWrap.afterWrite [as oncomplete] (net.js:867:14)
640 verbose cwd /Users/NathanielSena/Desktop/CRHacks
641 error Darwin 17.4.0
642 error argv "/usr/local/Cellar/node/8.9.1/bin/node" "/usr/local/bin/npm" "install" "--save" "aframe"
643 error node v8.9.1
644 error npm  v4.0.0
645 error code EIO
646 error errno EIO
647 error syscall write
648 error write EIO
649 error If you need help, you may report this error at:
649 error     <https://github.com/npm/npm/issues>
650 verbose exit [ 1, true ]
